2025-09-03 11:52:35 - main - INFO - Starting Dual Service Report Processing...
2025-09-03 11:52:35 - main - INFO - Step 1: Authenticating with both services...
2025-09-03 11:52:36 - main - ERROR - An error occurred: HTTPSConnectionPool(host='rzn1.com', port=443): Max retries exceeded with url: /auth/token (Caused by NameResolutionError("<urllib3.connection.HTTPSConnection object at 0x72af62dbac30>: Failed to resolve 'rzn1.com' ([Errno -2] Name or service not known)"))
2025-09-03 11:55:04 - main - INFO - Starting Dual Service Report Processing...
2025-09-03 11:55:04 - main - INFO - Step 1: Authenticating with both services...
2025-09-03 11:55:05 - main - ERROR - An error occurred: 404 Client Error: Not Found for url: https://rzn1-be.stockone.com/None
2025-09-03 12:00:49 - main - INFO - Starting Dual Service Report Processing...
2025-09-03 12:00:49 - main - INFO - Step 1: Authenticating with both services...
2025-09-03 12:00:51 - main - ERROR - An error occurred: 404 Client Error: Not Found for url: https://rzn1-be.stockone.com/None
2025-09-03 12:03:40 - main - INFO - Starting Dual Service Report Processing...
2025-09-03 12:03:40 - main - INFO - Step 1: Authenticating with both services...
2025-09-03 12:03:41 - main - ERROR - An error occurred: 404 Client Error: Not Found for url: https://rzn1-be.stockone.com/None
2025-09-03 12:04:25 - main - INFO - Starting Dual Service Report Processing...
2025-09-03 12:04:25 - main - INFO - Step 1: Authenticating with both services...
2025-09-03 12:05:29 - main - ERROR - An error occurred: 
2025-09-03 12:05:31 - main - INFO - Starting Dual Service Report Processing...
2025-09-03 12:05:31 - main - INFO - Step 1: Authenticating with both services...
2025-09-03 12:06:31 - main - INFO - Step 2: Initializing API client...
2025-09-03 12:06:31 - main - INFO - Step 3: Generating reports for both services...
2025-09-03 12:06:31 - main - INFO - Generating RZN1 reports: ['order_summary', 'sales_return', 'mati_inventory', 'mati_open_orders', 'store_inventory']
2025-09-03 12:06:31 - main - ERROR - Failed to generate order_summary for RZN1: 404 Client Error: Not Found for url: https://rzn1-be.stockone.com//order-summary
2025-09-03 12:06:31 - main - ERROR - Failed to generate sales_return for RZN1: 404 Client Error: Not Found for url: https://rzn1-be.stockone.com//sales-return
2025-09-03 12:06:31 - main - ERROR - Failed to generate mati_inventory for RZN1: 404 Client Error: Not Found for url: https://rzn1-be.stockone.com//mati-inventory
2025-09-03 12:06:31 - main - ERROR - Failed to generate mati_open_orders for RZN1: 404 Client Error: Not Found for url: https://rzn1-be.stockone.com//mati-open-orders
2025-09-03 12:06:31 - main - ERROR - Failed to generate store_inventory for RZN1: 404 Client Error: Not Found for url: https://rzn1-be.stockone.com//store-inventory
2025-09-03 12:06:31 - main - INFO - Generating RZN reports: ['order_summary', 'sales_return', 'fdb_inventory', 'fdb_open_orders', 'rbl_inventory', 'store_inventory']
2025-09-03 12:06:31 - main - ERROR - Failed to generate order_summary for RZN: name 'RZN_BASE_URL' is not defined
2025-09-03 12:06:31 - main - ERROR - Failed to generate sales_return for RZN: name 'RZN_BASE_URL' is not defined
2025-09-03 12:06:31 - main - ERROR - Failed to generate fdb_inventory for RZN: name 'RZN_BASE_URL' is not defined
2025-09-03 12:06:31 - main - ERROR - Failed to generate fdb_open_orders for RZN: name 'RZN_BASE_URL' is not defined
2025-09-03 12:06:31 - main - ERROR - Failed to generate rbl_inventory for RZN: name 'RZN_BASE_URL' is not defined
2025-09-03 12:06:31 - main - ERROR - Failed to generate store_inventory for RZN: name 'RZN_BASE_URL' is not defined
2025-09-03 12:06:31 - main - INFO - Step 4: Waiting 30 seconds for reports to be generated...
2025-09-03 12:06:49 - main - ERROR - An error occurred: 
